<?xml version="1.0" encoding="UTF-8"?>
<testsuite name="gefAco.aulas.AulasFilterTest" tests="6" skipped="0" failures="0" errors="0" timestamp="2022-11-09T18:13:22" hostname="73FS042" time="7.881">
  <properties/>
  <testcase name="getHomologaciones()" classname="gefAco.aulas.AulasFilterTest" time="1.468"/>
  <testcase name="getFiltersAulas()" classname="gefAco.aulas.AulasFilterTest" time="0.942"/>
  <testcase name="getAulasWithoutToken()" classname="gefAco.aulas.AulasFilterTest" time="0.334"/>
  <testcase name="getRegiones()" classname="gefAco.aulas.AulasFilterTest" time="0.58"/>
  <testcase name="editAula()" classname="gefAco.aulas.AulasFilterTest" time="0.0"/>
  <testcase name="getAulas()" classname="gefAco.aulas.AulasFilterTest" time="4.549"/>
  <system-out><![CDATA[]]></system-out>
  <system-err><![CDATA[]]></system-err>
</testsuite>
